Using pre-set license
Built from '2020.3/staging' branch; Version is '2020.3.25f1 (9b9180224418) revision 10195328'; Using compiler version '192528614'; Build Type 'Release'
OS: 'Windows 11  (10.0.22000) 64bit Core' Language: 'en' Physical Memory: 32658 MB
BatchMode: 1, IsHumanControllingUs: 0, StartBugReporterOnCrash: 0, Is64bit: 1, IsPro: 0

COMMAND LINE ARGUMENTS:
C:\Program Files\Unity\Hub\Editor\2020.3.25f1\Editor\Unity.exe
-adb2
-batchMode
-noUpm
-name
AssetImportWorker0
-projectPath
C:/Users/Wicke/OneDrive/Documents/Unity Onboarding Experience/OnboardingExperience
-logFile
Logs/AssetImportWorker0.log
-srvPort
1146
Successfully changed project path to: C:/Users/Wicke/OneDrive/Documents/Unity Onboarding Experience/OnboardingExperience
C:/Users/Wicke/OneDrive/Documents/Unity Onboarding Experience/OnboardingExperience
Using Asset Import Pipeline V2.
Refreshing native plugins compatible for Editor in 50.22 ms, found 2 plugins.
Preloading 0 native plugins for Editor in 0.00 ms.
Initialize engine version: 2020.3.25f1 (9b9180224418)
[Subsystems] Discovering subsystems at path C:/Program Files/Unity/Hub/Editor/2020.3.25f1/Editor/Data/Resources/UnitySubsystems
[Subsystems] Discovering subsystems at path C:/Users/Wicke/OneDrive/Documents/Unity Onboarding Experience/OnboardingExperience/Assets
GfxDevice: creating device client; threaded=0
Direct3D:
    Version:  Direct3D 11.0 [level 11.1]
    Renderer: NVIDIA GeForce RTX 3080 (ID=0x2206)
    Vendor:   
    VRAM:     10078 MB
    Driver:   30.0.15.1179
Initialize mono
Mono path[0] = 'C:/Program Files/Unity/Hub/Editor/2020.3.25f1/Editor/Data/Managed'
Mono path[1] = 'C:/Program Files/Unity/Hub/Editor/2020.3.25f1/Editor/Data/MonoBleedingEdge/lib/mono/unityjit'
Mono config path = 'C:/Program Files/Unity/Hub/Editor/2020.3.25f1/Editor/Data/MonoBleedingEdge/etc'
Using monoOptions --debugger-agent=transport=dt_socket,embedding=1,server=y,suspend=n,address=127.0.0.1:56284
Begin MonoManager ReloadAssembly
Registering precompiled unity dll's ...
Register platform support module: C:/Program Files/Unity/Hub/Editor/2020.3.25f1/Editor/Data/PlaybackEngines/WebGLSupport/UnityEditor.WebGL.Extensions.dll
Register platform support module: C:/Program Files/Unity/Hub/Editor/2020.3.25f1/Editor/Data/PlaybackEngines/MacStandaloneSupport/UnityEditor.OSXStandalone.Extensions.dll
Register platform support module: C:/Program Files/Unity/Hub/Editor/2020.3.25f1/Editor/Data/PlaybackEngines/WindowsStandaloneSupport/UnityEditor.WindowsStandalone.Extensions.dll
Registered in 0.001555 seconds.
Native extension for WindowsStandalone target not found
Native extension for OSXStandalone target not found
Native extension for WebGL target not found
Refreshing native plugins compatible for Editor in 48.94 ms, found 2 plugins.
Preloading 0 native plugins for Editor in 0.00 ms.
Mono: successfully reloaded assembly
- Completed reload, in  0.466 seconds
Domain Reload Profiling:
	ReloadAssembly (466ms)
		BeginReloadAssembly (39ms)
			ExecutionOrderSort (0ms)
			DisableScriptedObjects (0ms)
			BackupInstance (0ms)
			ReleaseScriptingObjects (0ms)
			CreateAndSetChildDomain (1ms)
		EndReloadAssembly (372ms)
			LoadAssemblies (38ms)
			RebuildTransferFunctionScriptingTraits (0ms)
			SetupTypeCache (114ms)
			ReleaseScriptCaches (0ms)
			RebuildScriptCaches (27ms)
			SetupLoadedEditorAssemblies (157ms)
				LogAssemblyErrors (0ms)
				InitializePlatformSupportModulesInManaged (6ms)
				SetLoadedEditorAssemblies (0ms)
				RefreshPlugins (49ms)
				BeforeProcessingInitializeOnLoad (12ms)
				ProcessInitializeOnLoadAttributes (68ms)
				ProcessInitializeOnLoadMethodAttributes (21ms)
				AfterProcessingInitializeOnLoad (0ms)
				EditorAssembliesLoaded (0ms)
			ExecutionOrderSort2 (0ms)
			AwakeInstancesAfterBackupRestoration (0ms)
Platform modules already initialized, skipping
Registering precompiled user dll's ...
Registered in 0.006159 seconds.
Begin MonoManager ReloadAssembly
Native extension for WindowsStandalone target not found
Native extension for OSXStandalone target not found
Native extension for WebGL target not found
Refreshing native plugins compatible for Editor in 50.21 ms, found 2 plugins.
Preloading 0 native plugins for Editor in 0.00 ms.
Mono: successfully reloaded assembly
- Completed reload, in  1.085 seconds
Domain Reload Profiling:
	ReloadAssembly (1086ms)
		BeginReloadAssembly (107ms)
			ExecutionOrderSort (0ms)
			DisableScriptedObjects (4ms)
			BackupInstance (0ms)
			ReleaseScriptingObjects (0ms)
			CreateAndSetChildDomain (15ms)
		EndReloadAssembly (933ms)
			LoadAssemblies (78ms)
			RebuildTransferFunctionScriptingTraits (0ms)
			SetupTypeCache (322ms)
			ReleaseScriptCaches (1ms)
			RebuildScriptCaches (52ms)
			SetupLoadedEditorAssemblies (386ms)
				LogAssemblyErrors (0ms)
				InitializePlatformSupportModulesInManaged (8ms)
				SetLoadedEditorAssemblies (0ms)
				RefreshPlugins (50ms)
				BeforeProcessingInitializeOnLoad (88ms)
				ProcessInitializeOnLoadAttributes (226ms)
				ProcessInitializeOnLoadMethodAttributes (10ms)
				AfterProcessingInitializeOnLoad (4ms)
				EditorAssembliesLoaded (0ms)
			ExecutionOrderSort2 (0ms)
			AwakeInstancesAfterBackupRestoration (5ms)
Platform modules already initialized, skipping
========================================================================
Worker process is ready to serve import requests
Launched and connected shader compiler UnityShaderCompiler.exe after 0.05 seconds
Refreshing native plugins compatible for Editor in 0.63 ms, found 2 plugins.
Preloading 0 native plugins for Editor in 0.00 ms.
Unloading 3509 Unused Serialized files (Serialized files now loaded: 0)
System memory in use before: 153.4 MB.
System memory in use after: 150.5 MB.

Unloading 72 unused Assets to reduce memory usage. Loaded Objects now: 3898.
Total: 3.773000 ms (FindLiveObjects: 0.229900 ms CreateObjectMapping: 0.129600 ms MarkObjects: 2.320100 ms  DeleteObjects: 1.092700 ms)

AssetImportParameters requested are different than current active one (requested -> active):
  custom:framework-win-MediaFoundation: 216162199b28c13a410421893ffa2e32 -> 
  custom:video-decoder-ogg-theora: a1e56fd34408186e4bbccfd4996cb3dc -> 
  custom:container-muxer-webm: aa71ff27fc2769a1b78a27578f13a17b -> 
  custom:container-demuxer-webm: 4f35f7cbe854078d1ac9338744f61a02 -> 
  custom:container-demuxer-ogg: 62fdf1f143b41e24485cea50d1cbac27 -> 
  custom:video-encoder-webm-vp8: eb34c28f22e8b96e1ab97ce403110664 -> 
  custom:video-decoder-webm-vp8: 9c59270c3fd7afecdb556c50c9e8de78 -> 
  custom:audio-decoder-ogg-vorbis: bf7c407c2cedff20999df2af8eb42d56 -> 
  custom:audio-encoder-webm-vorbis: bf7c407c2cedff20999df2af8eb42d56 -> 
========================================================================
Received Import Request.
  path: Assets
  artifactKey: Guid(00000000000000001000000000000000) Importer(815301076,1909f56bfc062723c751e8b465ee728b)
Start importing Assets using Guid(00000000000000001000000000000000) Importer(815301076,1909f56bfc062723c751e8b465ee728b)  -> (artifact id: '42d402b061de3733987d63b9cc3b64de') in 0.007662 seconds 
  Import took 0.011380 seconds .

========================================================================
Received Import Request.
  Time since last request: 4.199201 seconds.
  path: Assets/Scenes 1
  artifactKey: Guid(35d343fc0f2782c40a6b2da03cbb74ec) Importer(815301076,1909f56bfc062723c751e8b465ee728b)
Start importing Assets/Scenes 1 using Guid(35d343fc0f2782c40a6b2da03cbb74ec) Importer(815301076,1909f56bfc062723c751e8b465ee728b)  -> (artifact id: 'beae54427cd461fdfd97b73590599450') in 0.005092 seconds 
  Import took 0.009566 seconds .

========================================================================
Received Import Request.
  Time since last request: 8.149687 seconds.
  path: Assets/Scenes/Playground/Playground.unity
  artifactKey: Guid(e9017d5f96b9f09489b4b37e1d6eb914) Importer(815301076,1909f56bfc062723c751e8b465ee728b)
Start importing Assets/Scenes/Playground/Playground.unity using Guid(e9017d5f96b9f09489b4b37e1d6eb914) Importer(815301076,1909f56bfc062723c751e8b465ee728b)  -> (artifact id: '33875282f5f0f2c949f2628c06da943b') in 0.013903 seconds 
  Import took 0.018703 seconds .

========================================================================
Received Prepare
Registering precompiled user dll's ...
Registered in 0.005977 seconds.
Begin MonoManager ReloadAssembly
Native extension for WindowsStandalone target not found
Native extension for OSXStandalone target not found
Native extension for WebGL target not found
Refreshing native plugins compatible for Editor in 0.66 ms, found 2 plugins.
Preloading 0 native plugins for Editor in 0.00 ms.
Mono: successfully reloaded assembly
- Completed reload, in  1.001 seconds
Domain Reload Profiling:
	ReloadAssembly (1001ms)
		BeginReloadAssembly (101ms)
			ExecutionOrderSort (0ms)
			DisableScriptedObjects (4ms)
			BackupInstance (0ms)
			ReleaseScriptingObjects (0ms)
			CreateAndSetChildDomain (33ms)
		EndReloadAssembly (854ms)
			LoadAssemblies (78ms)
			RebuildTransferFunctionScriptingTraits (0ms)
			SetupTypeCache (322ms)
			ReleaseScriptCaches (1ms)
			RebuildScriptCaches (42ms)
			SetupLoadedEditorAssemblies (315ms)
				LogAssemblyErrors (0ms)
				InitializePlatformSupportModulesInManaged (6ms)
				SetLoadedEditorAssemblies (0ms)
				RefreshPlugins (1ms)
				BeforeProcessingInitializeOnLoad (81ms)
				ProcessInitializeOnLoadAttributes (214ms)
				ProcessInitializeOnLoadMethodAttributes (9ms)
				AfterProcessingInitializeOnLoad (4ms)
				EditorAssembliesLoaded (0ms)
			ExecutionOrderSort2 (0ms)
			AwakeInstancesAfterBackupRestoration (9ms)
Platform modules already initialized, skipping
Refreshing native plugins compatible for Editor in 0.65 ms, found 2 plugins.
Preloading 0 native plugins for Editor in 0.00 ms.
Unloading 3434 Unused Serialized files (Serialized files now loaded: 0)
System memory in use before: 150.0 MB.
System memory in use after: 147.1 MB.

Unloading 64 unused Assets to reduce memory usage. Loaded Objects now: 3902.
Total: 3.950000 ms (FindLiveObjects: 0.257100 ms CreateObjectMapping: 0.135400 ms MarkObjects: 2.389600 ms  DeleteObjects: 1.167200 ms)

AssetImportParameters requested are different than current active one (requested -> active):
  custom:framework-win-MediaFoundation: 216162199b28c13a410421893ffa2e32 -> 
  custom:video-decoder-ogg-theora: a1e56fd34408186e4bbccfd4996cb3dc -> 
  custom:container-muxer-webm: aa71ff27fc2769a1b78a27578f13a17b -> 
  custom:container-demuxer-webm: 4f35f7cbe854078d1ac9338744f61a02 -> 
  custom:container-demuxer-ogg: 62fdf1f143b41e24485cea50d1cbac27 -> 
  custom:video-encoder-webm-vp8: eb34c28f22e8b96e1ab97ce403110664 -> 
  custom:video-decoder-webm-vp8: 9c59270c3fd7afecdb556c50c9e8de78 -> 
  custom:audio-decoder-ogg-vorbis: bf7c407c2cedff20999df2af8eb42d56 -> 
  custom:audio-encoder-webm-vorbis: bf7c407c2cedff20999df2af8eb42d56 -> 
========================================================================
Received Import Request.
  Time since last request: 22.473418 seconds.
  path: Assets/Scenes/EmptyScene.unity
  artifactKey: Guid(b19a891a9b0b89146a29d87052537cb8) Importer(815301076,1909f56bfc062723c751e8b465ee728b)
Start importing Assets/Scenes/EmptyScene.unity using Guid(b19a891a9b0b89146a29d87052537cb8) Importer(815301076,1909f56bfc062723c751e8b465ee728b)  -> (artifact id: '0ab4caf9102dd4b5302ac3bbde50c4a4') in 0.017046 seconds 
  Import took 0.021662 seconds .

========================================================================
Received Import Request.
  Time since last request: 16.660812 seconds.
  path: Assets/Scenes/project-auditor-code.xlsx
  artifactKey: Guid(d8864f5348dc0dc4ba5fa7985d636a45) Importer(815301076,1909f56bfc062723c751e8b465ee728b)
Start importing Assets/Scenes/project-auditor-code.xlsx using Guid(d8864f5348dc0dc4ba5fa7985d636a45) Importer(815301076,1909f56bfc062723c751e8b465ee728b)  -> (artifact id: 'fc133ec050e267c9547c10903331e80b') in 0.016946 seconds 
  Import took 0.021306 seconds .

========================================================================
Received Import Request.
  Time since last request: 44.754457 seconds.
  path: Assets/Scenes/BugLand.unity
  artifactKey: Guid(1867672b9b859a74a998d0a0145725a4) Importer(815301076,1909f56bfc062723c751e8b465ee728b)
Start importing Assets/Scenes/BugLand.unity using Guid(1867672b9b859a74a998d0a0145725a4) Importer(815301076,1909f56bfc062723c751e8b465ee728b)  -> (artifact id: 'c216ffddfebdeaee8684689f9f3e6bbb') in 0.005088 seconds 
  Import took 0.009751 seconds .

========================================================================
Received Import Request.
  Time since last request: 56.455217 seconds.
  path: Assets/Scenes/BugLand
  artifactKey: Guid(44747d7cc7094af46b0e54c48ac614cd) Importer(815301076,1909f56bfc062723c751e8b465ee728b)
Start importing Assets/Scenes/BugLand using Guid(44747d7cc7094af46b0e54c48ac614cd) Importer(815301076,1909f56bfc062723c751e8b465ee728b)  -> (artifact id: '325ae55880173d8e3cc6d0689c360aa4') in 0.004145 seconds 
  Import took 0.008615 seconds .

========================================================================
Received Import Request.
  Time since last request: 9.344871 seconds.
  path: Assets/Scenes/BugLand/Mats
  artifactKey: Guid(8e9f0f8ead0bf5849b58b4dfc3a4e593) Importer(815301076,1909f56bfc062723c751e8b465ee728b)
Start importing Assets/Scenes/BugLand/Mats using Guid(8e9f0f8ead0bf5849b58b4dfc3a4e593) Importer(815301076,1909f56bfc062723c751e8b465ee728b)  -> (artifact id: '3cdabb2f8d75c24e8aca77f25e44286f') in 0.004354 seconds 
  Import took 0.008757 seconds .

========================================================================
Received Import Request.
  Time since last request: 8.386343 seconds.
  path: Assets/Scenes/BugLand/Prefabs
  artifactKey: Guid(de0ff81061c1e784d817a12025a31525) Importer(815301076,1909f56bfc062723c751e8b465ee728b)
Start importing Assets/Scenes/BugLand/Prefabs using Guid(de0ff81061c1e784d817a12025a31525) Importer(815301076,1909f56bfc062723c751e8b465ee728b)  -> (artifact id: '0596911762089f5c464f0d8d781b88f4') in 0.004150 seconds 
  Import took 0.008630 seconds .

========================================================================
Received Import Request.
  Time since last request: 19.643320 seconds.
  path: Assets/Scenes/BugLand/Mats/Ground_Outdoor.mat
  artifactKey: Guid(ac8a4db9014a3c94abc2fb34c8b4a453) Importer(815301076,1909f56bfc062723c751e8b465ee728b)
Start importing Assets/Scenes/BugLand/Mats/Ground_Outdoor.mat using Guid(ac8a4db9014a3c94abc2fb34c8b4a453) Importer(815301076,1909f56bfc062723c751e8b465ee728b)  -> (artifact id: 'f38480fcd91349d09072779909524629') in 0.169247 seconds 
  Import took 0.173713 seconds .

========================================================================
Received Import Request.
  Time since last request: 246.740714 seconds.
  path: Assets/Scenes/BugLand/Prefabs/Environment.prefab
  artifactKey: Guid(8d25d5b51d727d8429ebd0a6a73d33a4) Importer(815301076,1909f56bfc062723c751e8b465ee728b)
Start importing Assets/Scenes/BugLand/Prefabs/Environment.prefab using Guid(8d25d5b51d727d8429ebd0a6a73d33a4) Importer(815301076,1909f56bfc062723c751e8b465ee728b)  -> (artifact id: '649521c07cdaf862443ae81abdbdda0a') in 0.027038 seconds 
  Import took 0.031776 seconds .

========================================================================
Received Prepare
Registering precompiled user dll's ...
Registered in 0.005801 seconds.
Begin MonoManager ReloadAssembly
Native extension for WindowsStandalone target not found
Native extension for OSXStandalone target not found
Native extension for WebGL target not found
Refreshing native plugins compatible for Editor in 0.69 ms, found 2 plugins.
Preloading 0 native plugins for Editor in 0.00 ms.
Mono: successfully reloaded assembly
- Completed reload, in  1.032 seconds
Domain Reload Profiling:
	ReloadAssembly (1033ms)
		BeginReloadAssembly (113ms)
			ExecutionOrderSort (0ms)
			DisableScriptedObjects (6ms)
			BackupInstance (0ms)
			ReleaseScriptingObjects (0ms)
			CreateAndSetChildDomain (37ms)
		EndReloadAssembly (874ms)
			LoadAssemblies (78ms)
			RebuildTransferFunctionScriptingTraits (0ms)
			SetupTypeCache (316ms)
			ReleaseScriptCaches (1ms)
			RebuildScriptCaches (41ms)
			SetupLoadedEditorAssemblies (317ms)
				LogAssemblyErrors (0ms)
				InitializePlatformSupportModulesInManaged (8ms)
				SetLoadedEditorAssemblies (0ms)
				RefreshPlugins (1ms)
				BeforeProcessingInitializeOnLoad (81ms)
				ProcessInitializeOnLoadAttributes (213ms)
				ProcessInitializeOnLoadMethodAttributes (9ms)
				AfterProcessingInitializeOnLoad (4ms)
				EditorAssembliesLoaded (0ms)
			ExecutionOrderSort2 (0ms)
			AwakeInstancesAfterBackupRestoration (14ms)
Platform modules already initialized, skipping
Refreshing native plugins compatible for Editor in 0.65 ms, found 2 plugins.
Preloading 0 native plugins for Editor in 0.00 ms.
Unloading 3434 Unused Serialized files (Serialized files now loaded: 0)
System memory in use before: 155.4 MB.
System memory in use after: 152.6 MB.

Unloading 64 unused Assets to reduce memory usage. Loaded Objects now: 3986.
Total: 3.932500 ms (FindLiveObjects: 0.242600 ms CreateObjectMapping: 0.148300 ms MarkObjects: 2.422500 ms  DeleteObjects: 1.118400 ms)

AssetImportParameters requested are different than current active one (requested -> active):
  custom:framework-win-MediaFoundation: 216162199b28c13a410421893ffa2e32 -> 
  custom:video-decoder-ogg-theora: a1e56fd34408186e4bbccfd4996cb3dc -> 
  custom:container-muxer-webm: aa71ff27fc2769a1b78a27578f13a17b -> 
  custom:container-demuxer-webm: 4f35f7cbe854078d1ac9338744f61a02 -> 
  custom:container-demuxer-ogg: 62fdf1f143b41e24485cea50d1cbac27 -> 
  custom:video-encoder-webm-vp8: eb34c28f22e8b96e1ab97ce403110664 -> 
  custom:video-decoder-webm-vp8: 9c59270c3fd7afecdb556c50c9e8de78 -> 
  custom:audio-decoder-ogg-vorbis: bf7c407c2cedff20999df2af8eb42d56 -> 
  custom:audio-encoder-webm-vorbis: bf7c407c2cedff20999df2af8eb42d56 -> 
========================================================================
Received Import Request.
  Time since last request: 200.751223 seconds.
  path: Assets/Scenes/BugLand/Scripts
  artifactKey: Guid(1e4d6f3da4d1576498d9b0a626540a9f) Importer(815301076,1909f56bfc062723c751e8b465ee728b)
Start importing Assets/Scenes/BugLand/Scripts using Guid(1e4d6f3da4d1576498d9b0a626540a9f) Importer(815301076,1909f56bfc062723c751e8b465ee728b)  -> (artifact id: '0a0db8f569c582e2e7b552ab8073ac13') in 0.007745 seconds 
  Import took 0.011660 seconds .

========================================================================
Received Import Request.
  Time since last request: 8.542016 seconds.
  path: Assets/Scenes/BugLand/Scripts/PlayerController.cs
  artifactKey: Guid(8270aa3701b3b034086eb5c170103e41) Importer(815301076,1909f56bfc062723c751e8b465ee728b)
Start importing Assets/Scenes/BugLand/Scripts/PlayerController.cs using Guid(8270aa3701b3b034086eb5c170103e41) Importer(815301076,1909f56bfc062723c751e8b465ee728b)  -> (artifact id: '29bb0886dca78b914774251128148edb') in 0.031592 seconds 
  Import took 0.036765 seconds .

========================================================================
Received Prepare
Registering precompiled user dll's ...
Registered in 0.006013 seconds.
Begin MonoManager ReloadAssembly
Native extension for WindowsStandalone target not found
Native extension for OSXStandalone target not found
Native extension for WebGL target not found
Refreshing native plugins compatible for Editor in 0.66 ms, found 2 plugins.
Preloading 0 native plugins for Editor in 0.00 ms.
Mono: successfully reloaded assembly
- Completed reload, in  1.029 seconds
Domain Reload Profiling:
	ReloadAssembly (1029ms)
		BeginReloadAssembly (101ms)
			ExecutionOrderSort (0ms)
			DisableScriptedObjects (4ms)
			BackupInstance (0ms)
			ReleaseScriptingObjects (0ms)
			CreateAndSetChildDomain (33ms)
		EndReloadAssembly (869ms)
			LoadAssemblies (82ms)
			RebuildTransferFunctionScriptingTraits (0ms)
			SetupTypeCache (310ms)
			ReleaseScriptCaches (1ms)
			RebuildScriptCaches (44ms)
			SetupLoadedEditorAssemblies (314ms)
				LogAssemblyErrors (0ms)
				InitializePlatformSupportModulesInManaged (6ms)
				SetLoadedEditorAssemblies (0ms)
				RefreshPlugins (1ms)
				BeforeProcessingInitializeOnLoad (81ms)
				ProcessInitializeOnLoadAttributes (212ms)
				ProcessInitializeOnLoadMethodAttributes (9ms)
				AfterProcessingInitializeOnLoad (4ms)
				EditorAssembliesLoaded (0ms)
			ExecutionOrderSort2 (0ms)
			AwakeInstancesAfterBackupRestoration (14ms)
Platform modules already initialized, skipping
Refreshing native plugins compatible for Editor in 0.65 ms, found 2 plugins.
Preloading 0 native plugins for Editor in 0.00 ms.
Unloading 3435 Unused Serialized files (Serialized files now loaded: 0)
System memory in use before: 155.4 MB.
System memory in use after: 152.6 MB.

Unloading 64 unused Assets to reduce memory usage. Loaded Objects now: 3991.
Total: 3.996500 ms (FindLiveObjects: 0.257000 ms CreateObjectMapping: 0.152000 ms MarkObjects: 2.373500 ms  DeleteObjects: 1.213400 ms)

AssetImportParameters requested are different than current active one (requested -> active):
  custom:framework-win-MediaFoundation: 216162199b28c13a410421893ffa2e32 -> 
  custom:video-decoder-ogg-theora: a1e56fd34408186e4bbccfd4996cb3dc -> 
  custom:container-muxer-webm: aa71ff27fc2769a1b78a27578f13a17b -> 
  custom:container-demuxer-webm: 4f35f7cbe854078d1ac9338744f61a02 -> 
  custom:container-demuxer-ogg: 62fdf1f143b41e24485cea50d1cbac27 -> 
  custom:video-encoder-webm-vp8: eb34c28f22e8b96e1ab97ce403110664 -> 
  custom:video-decoder-webm-vp8: 9c59270c3fd7afecdb556c50c9e8de78 -> 
  custom:audio-decoder-ogg-vorbis: bf7c407c2cedff20999df2af8eb42d56 -> 
  custom:audio-encoder-webm-vorbis: bf7c407c2cedff20999df2af8eb42d56 -> 
AssetImportWorkerClient::OnTransportError - code=2 error=End of file
